e:\work\vs_project\voicerecognitionapplication\voicerecognitionapplication\debug\vc140.pdb
e:\work\vs_project\voicerecognitionapplication\voicerecognitionapplication\debug\qrc_voicerecognitionapplication.obj
e:\work\vs_project\voicerecognitionapplication\voicerecognitionapplication\debug\main.obj
e:\work\vs_project\voicerecognitionapplication\voicerecognitionapplication\debug\voicerecognitionapplication.obj
e:\work\vs_project\voicerecognitionapplication\voicerecognitionapplication\debug\moc_voicerecognitionapplication.obj
e:\work\vs_project\voicerecognitionapplication\voicerecognitionapplication\generatedfiles\qrc_voicerecognitionapplication.cpp
e:\work\vs_project\voicerecognitionapplication\voicerecognitionapplication\generatedfiles\debug\moc_voicerecognitionapplication.cpp
e:\work\vs_project\voicerecognitionapplication\voicerecognitionapplication\generatedfiles\ui_voicerecognitionapplication.h
e:\work\vs_project\voicerecognitionapplication\win32\debug\voicerecognitionapplication.ilk
e:\work\vs_project\voicerecognitionapplication\win32\debug\voicerecognitionapplication.exe
e:\work\vs_project\voicerecognitionapplication\win32\debug\voicerecognitionapplication.pdb
e:\work\vs_project\voicerecognitionapplication\voicerecognitionapplication\debug\voicerec.b12702ad.tlog\cl.command.1.tlog
e:\work\vs_project\voicerecognitionapplication\voicerecognitionapplication\debug\voicerec.b12702ad.tlog\cl.read.1.tlog
e:\work\vs_project\voicerecognitionapplication\voicerecognitionapplication\debug\voicerec.b12702ad.tlog\cl.write.1.tlog
e:\work\vs_project\voicerecognitionapplication\voicerecognitionapplication\debug\voicerec.b12702ad.tlog\custombuild.command.1.tlog
e:\work\vs_project\voicerecognitionapplication\voicerecognitionapplication\debug\voicerec.b12702ad.tlog\custombuild.read.1.tlog
e:\work\vs_project\voicerecognitionapplication\voicerecognitionapplication\debug\voicerec.b12702ad.tlog\custombuild.write.1.tlog
e:\work\vs_project\voicerecognitionapplication\voicerecognitionapplication\debug\voicerec.b12702ad.tlog\link.command.1.tlog
e:\work\vs_project\voicerecognitionapplication\voicerecognitionapplication\debug\voicerec.b12702ad.tlog\link.read.1.tlog
e:\work\vs_project\voicerecognitionapplication\voicerecognitionapplication\debug\voicerec.b12702ad.tlog\link.write.1.tlog
